<?xml version="1.0" encoding="utf-8"?>
<TestRun id="9acb5ce5-41c6-4b69-9c38-bd928be0a961" name="bhara@MSI 2022-06-18 14:27:59" runUser="MSI\bhara" xmlns="http://microsoft.com/schemas/VisualStudio/TeamTest/2010">
  <Times creation="2022-06-18T14:27:59.0076953+12:00" queuing="2022-06-18T14:27:59.0076953+12:00" start="2022-06-18T14:27:48.1417045+12:00" finish="2022-06-18T14:28:18.6587772+12:00" />
  <TestSettings name="default" id="87cc138e-3d1a-4cfa-aa69-d9b2079ac22a">
    <Deployment runDeploymentRoot="bhara_MSI_2022-06-18_14_27_59" />
  </TestSettings>
  <Results>
    <UnitTestResult executionId="b604b236-5ec3-496a-aaf7-934039cabcc5" testId="cc1d4381-9349-4b8e-b3a1-10248cb25094" testName="ClearFormBeforeLoanIsCalculated" computerName="MSI" duration="00:00:09.4567661" startTime="2022-06-18T14:28:09.1206687+12:00" endTime="2022-06-18T14:28:18.5743990+12:00" testType="13cdc9d9-ddb5-4fa4-a97d-d965ccfc6d4b" outcome="Passed" testListId="8c84fa94-04c1-424b-9868-57a2d4851a1d" relativeResultsDirectory="b604b236-5ec3-496a-aaf7-934039cabcc5">
      <Output>
        <StdOut>Given I am on the mortgage form&#xD;
-&gt; done: MortgageFormSteps.GivenIAmOnTheMortgageForm() (3.1s)&#xD;
When I enter the following user details in the form&#xD;
  --- table step argument ---&#xD;
  | Application type | Number of dependants | Type of property |&#xD;
  | Single           | 0                    | Home             |&#xD;
-&gt; done: MortgageFormSteps.WhenIEnterTheFollowingUserDetailsInTheForm(&lt;table&gt;) (0.2s)&#xD;
And I enter the following earning details in the form&#xD;
  --- table step argument ---&#xD;
  | Annual income | Other income |&#xD;
  | 80000         | 10000        |&#xD;
-&gt; done: MortgageFormSteps.WhenIEnterTheFollowingEarningDetailsInTheForm(&lt;table&gt;) (0.2s)&#xD;
And I enter the following expense details in the form&#xD;
  --- table step argument ---&#xD;
  | Monthly living expenses | Current repayments | Loan repayments | Monthly commitments | Credit card limits |&#xD;
  | 500                     | 0                  | 100             | 0                   | 10000              |&#xD;
-&gt; done: MortgageFormSteps.WhenIEnterTheFollowingExpenseDetailsInTheForm(&lt;table&gt;) (0.3s)&#xD;
And I click on the start over button&#xD;
-&gt; done: MortgageFormSteps.WhenIClickOnTheStartOverButton() (0.1s)&#xD;
Then the form is cleared&#xD;
-&gt; done: MortgageFormSteps.ThenTheFormIsCleared() (0.2s)&#xD;
&#xD;


TestContext Messages:
Given I am on the mortgage form&#xD;
-&gt; done: MortgageFormSteps.GivenIAmOnTheMortgageForm() (3.1s)&#xD;
When I enter the following user details in the form&#xD;
  --- table step argument ---&#xD;
  | Application type | Number of dependants | Type of property |&#xD;
  | Single           | 0                    | Home             |&#xD;
-&gt; done: MortgageFormSteps.WhenIEnterTheFollowingUserDetailsInTheForm(&lt;table&gt;) (0.2s)&#xD;
And I enter the following earning details in the form&#xD;
  --- table step argument ---&#xD;
  | Annual income | Other income |&#xD;
  | 80000         | 10000        |&#xD;
-&gt; done: MortgageFormSteps.WhenIEnterTheFollowingEarningDetailsInTheForm(&lt;table&gt;) (0.2s)&#xD;
And I enter the following expense details in the form&#xD;
  --- table step argument ---&#xD;
  | Monthly living expenses | Current repayments | Loan repayments | Monthly commitments | Credit card limits |&#xD;
  | 500                     | 0                  | 100             | 0                   | 10000              |&#xD;
-&gt; done: MortgageFormSteps.WhenIEnterTheFollowingExpenseDetailsInTheForm(&lt;table&gt;) (0.3s)&#xD;
And I click on the start over button&#xD;
-&gt; done: MortgageFormSteps.WhenIClickOnTheStartOverButton() (0.1s)&#xD;
Then the form is cleared&#xD;
-&gt; done: MortgageFormSteps.ThenTheFormIsCleared() (0.2s)</StdOut>
      </Output>
    </UnitTestResult>
    <UnitTestResult executionId="815fd256-3984-4d38-a036-c842f23176b5" testId="0493cdb1-3f93-4ae3-9562-3c95aa4802a6" testName="ClearFormAfterLoanIsCalculated" computerName="MSI" duration="00:00:10.1172027" startTime="2022-06-18T14:27:58.9919356+12:00" endTime="2022-06-18T14:28:09.1206687+12:00" testType="13cdc9d9-ddb5-4fa4-a97d-d965ccfc6d4b" outcome="Passed" testListId="8c84fa94-04c1-424b-9868-57a2d4851a1d" relativeResultsDirectory="815fd256-3984-4d38-a036-c842f23176b5">
      <Output>
        <StdOut>Given I am on the mortgage form&#xD;
-&gt; done: MortgageFormSteps.GivenIAmOnTheMortgageForm() (3.7s)&#xD;
When I enter the following user details in the form&#xD;
  --- table step argument ---&#xD;
  | Application type | Number of dependants | Type of property |&#xD;
  | Single           | 0                    | Home             |&#xD;
-&gt; done: MortgageFormSteps.WhenIEnterTheFollowingUserDetailsInTheForm(&lt;table&gt;) (0.2s)&#xD;
And I enter the following earning details in the form&#xD;
  --- table step argument ---&#xD;
  | Annual income | Other income |&#xD;
  | 80000         | 10000        |&#xD;
-&gt; done: MortgageFormSteps.WhenIEnterTheFollowingEarningDetailsInTheForm(&lt;table&gt;) (0.2s)&#xD;
And I enter the following expense details in the form&#xD;
  --- table step argument ---&#xD;
  | Monthly living expenses | Current repayments | Loan repayments | Monthly commitments | Credit card limits |&#xD;
  | 500                     | 0                  | 100             | 0                   | 10000              |&#xD;
-&gt; done: MortgageFormSteps.WhenIEnterTheFollowingExpenseDetailsInTheForm(&lt;table&gt;) (0.3s)&#xD;
And I click on the workout loan button&#xD;
-&gt; done: MortgageFormSteps.WhenIClickOnTheWorkoutButton() (0.1s)&#xD;
And I click on the start over button&#xD;
-&gt; done: MortgageFormSteps.WhenIClickOnTheStartOverButton() (0.1s)&#xD;
Then the form is cleared&#xD;
-&gt; done: MortgageFormSteps.ThenTheFormIsCleared() (0.3s)&#xD;
&#xD;


TestContext Messages:
Given I am on the mortgage form&#xD;
-&gt; done: MortgageFormSteps.GivenIAmOnTheMortgageForm() (3.7s)&#xD;
When I enter the following user details in the form&#xD;
  --- table step argument ---&#xD;
  | Application type | Number of dependants | Type of property |&#xD;
  | Single           | 0                    | Home             |&#xD;
-&gt; done: MortgageFormSteps.WhenIEnterTheFollowingUserDetailsInTheForm(&lt;table&gt;) (0.2s)&#xD;
And I enter the following earning details in the form&#xD;
  --- table step argument ---&#xD;
  | Annual income | Other income |&#xD;
  | 80000         | 10000        |&#xD;
-&gt; done: MortgageFormSteps.WhenIEnterTheFollowingEarningDetailsInTheForm(&lt;table&gt;) (0.2s)&#xD;
And I enter the following expense details in the form&#xD;
  --- table step argument ---&#xD;
  | Monthly living expenses | Current repayments | Loan repayments | Monthly commitments | Credit card limits |&#xD;
  | 500                     | 0                  | 100             | 0                   | 10000              |&#xD;
-&gt; done: MortgageFormSteps.WhenIEnterTheFollowingExpenseDetailsInTheForm(&lt;table&gt;) (0.3s)&#xD;
And I click on the workout loan button&#xD;
-&gt; done: MortgageFormSteps.WhenIClickOnTheWorkoutButton() (0.1s)&#xD;
And I click on the start over button&#xD;
-&gt; done: MortgageFormSteps.WhenIClickOnTheStartOverButton() (0.1s)&#xD;
Then the form is cleared&#xD;
-&gt; done: MortgageFormSteps.ThenTheFormIsCleared() (0.3s)</StdOut>
      </Output>
    </UnitTestResult>
    <UnitTestResult executionId="6942cba9-1cbf-4810-95df-18e31131862a" testId="42e85f44-e32b-4335-8493-803925218584" testName="CalculateMortgage" computerName="MSI" duration="00:00:10.1417705" startTime="2022-06-18T14:27:48.5554815+12:00" endTime="2022-06-18T14:27:58.9815388+12:00" testType="13cdc9d9-ddb5-4fa4-a97d-d965ccfc6d4b" outcome="Passed" testListId="8c84fa94-04c1-424b-9868-57a2d4851a1d" relativeResultsDirectory="6942cba9-1cbf-4810-95df-18e31131862a">
      <Output>
        <StdOut>-&gt; Loading plugin C:\Users\bhara\OneDrive\Documents\MortgageCal\Mortgage22\MortgageCalculator\bin\Debug\TechTalk.SpecFlow.MSTest.SpecFlowPlugin.dll&#xD;
-&gt; Loading plugin C:\Users\bhara\OneDrive\Documents\MortgageCal\Mortgage22\MortgageCalculator\bin\Debug\MortgageCalculator.dll&#xD;
-&gt; Using default config&#xD;
Given I am on the mortgage form&#xD;
-&gt; done: MortgageFormSteps.GivenIAmOnTheMortgageForm() (3.4s)&#xD;
When I enter the following user details in the form&#xD;
  --- table step argument ---&#xD;
  | Application type | Number of dependants | Type of property |&#xD;
  | Single           | 0                    | Home             |&#xD;
-&gt; done: MortgageFormSteps.WhenIEnterTheFollowingUserDetailsInTheForm(&lt;table&gt;) (0.5s)&#xD;
And I enter the following earning details in the form&#xD;
  --- table step argument ---&#xD;
  | Annual income | Other income |&#xD;
  | 80000         | 10000        |&#xD;
-&gt; done: MortgageFormSteps.WhenIEnterTheFollowingEarningDetailsInTheForm(&lt;table&gt;) (0.2s)&#xD;
And I enter the following expense details in the form&#xD;
  --- table step argument ---&#xD;
  | Monthly living expenses | Current repayments | Loan repayments | Monthly commitments | Credit card limits |&#xD;
  | 500                     | 0                  | 100             | 0                   | 10000              |&#xD;
-&gt; done: MortgageFormSteps.WhenIEnterTheFollowingExpenseDetailsInTheForm(&lt;table&gt;) (0.3s)&#xD;
And I click on the workout loan button&#xD;
-&gt; done: MortgageFormSteps.WhenIClickOnTheWorkoutButton() (0.1s)&#xD;
Then the borrowing estimate should be $501,000&#xD;
-&gt; done: MortgageFormSteps.ThenTheBorrowingEstimateShouldBe(501000) (0.0s)&#xD;
&#xD;


TestContext Messages:
Given I am on the mortgage form&#xD;
-&gt; done: MortgageFormSteps.GivenIAmOnTheMortgageForm() (3.4s)&#xD;
When I enter the following user details in the form&#xD;
  --- table step argument ---&#xD;
  | Application type | Number of dependants | Type of property |&#xD;
  | Single           | 0                    | Home             |&#xD;
-&gt; done: MortgageFormSteps.WhenIEnterTheFollowingUserDetailsInTheForm(&lt;table&gt;) (0.5s)&#xD;
And I enter the following earning details in the form&#xD;
  --- table step argument ---&#xD;
  | Annual income | Other income |&#xD;
  | 80000         | 10000        |&#xD;
-&gt; done: MortgageFormSteps.WhenIEnterTheFollowingEarningDetailsInTheForm(&lt;table&gt;) (0.2s)&#xD;
And I enter the following expense details in the form&#xD;
  --- table step argument ---&#xD;
  | Monthly living expenses | Current repayments | Loan repayments | Monthly commitments | Credit card limits |&#xD;
  | 500                     | 0                  | 100             | 0                   | 10000              |&#xD;
-&gt; done: MortgageFormSteps.WhenIEnterTheFollowingExpenseDetailsInTheForm(&lt;table&gt;) (0.3s)&#xD;
And I click on the workout loan button&#xD;
-&gt; done: MortgageFormSteps.WhenIClickOnTheWorkoutButton() (0.1s)&#xD;
Then the borrowing estimate should be $501,000&#xD;
-&gt; done: MortgageFormSteps.ThenTheBorrowingEstimateShouldBe(501000) (0.0s)</StdOut>
      </Output>
    </UnitTestResult>
  </Results>
  <TestDefinitions>
    <UnitTest name="ClearFormBeforeLoanIsCalculated" storage="c:\users\bhara\onedrive\documents\mortgagecal\mortgage22\mortgagecalculator\bin\debug\mortgagecalculator.dll" id="cc1d4381-9349-4b8e-b3a1-10248cb25094">
      <Execution id="b604b236-5ec3-496a-aaf7-934039cabcc5" />
      <TestMethod codeBase="C:\Users\bhara\OneDrive\Documents\MortgageCal\Mortgage22\MortgageCalculator\bin\Debug\MortgageCalculator.dll" adapterTypeName="executor://mstestadapter/v2" className="MortgageCalculator.MortgageFormTestsFeature" name="ClearFormBeforeLoanIsCalculated" />
    </UnitTest>
    <UnitTest name="ClearFormAfterLoanIsCalculated" storage="c:\users\bhara\onedrive\documents\mortgagecal\mortgage22\mortgagecalculator\bin\debug\mortgagecalculator.dll" id="0493cdb1-3f93-4ae3-9562-3c95aa4802a6">
      <Execution id="815fd256-3984-4d38-a036-c842f23176b5" />
      <TestMethod codeBase="C:\Users\bhara\OneDrive\Documents\MortgageCal\Mortgage22\MortgageCalculator\bin\Debug\MortgageCalculator.dll" adapterTypeName="executor://mstestadapter/v2" className="MortgageCalculator.MortgageFormTestsFeature" name="ClearFormAfterLoanIsCalculated" />
    </UnitTest>
    <UnitTest name="CalculateMortgage" storage="c:\users\bhara\onedrive\documents\mortgagecal\mortgage22\mortgagecalculator\bin\debug\mortgagecalculator.dll" id="42e85f44-e32b-4335-8493-803925218584">
      <Execution id="6942cba9-1cbf-4810-95df-18e31131862a" />
      <TestMethod codeBase="C:\Users\bhara\OneDrive\Documents\MortgageCal\Mortgage22\MortgageCalculator\bin\Debug\MortgageCalculator.dll" adapterTypeName="executor://mstestadapter/v2" className="MortgageCalculator.MortgageFormTestsFeature" name="CalculateMortgage" />
    </UnitTest>
  </TestDefinitions>
  <TestEntries>
    <TestEntry testId="cc1d4381-9349-4b8e-b3a1-10248cb25094" executionId="b604b236-5ec3-496a-aaf7-934039cabcc5" testListId="8c84fa94-04c1-424b-9868-57a2d4851a1d" />
    <TestEntry testId="0493cdb1-3f93-4ae3-9562-3c95aa4802a6" executionId="815fd256-3984-4d38-a036-c842f23176b5" testListId="8c84fa94-04c1-424b-9868-57a2d4851a1d" />
    <TestEntry testId="42e85f44-e32b-4335-8493-803925218584" executionId="6942cba9-1cbf-4810-95df-18e31131862a" testListId="8c84fa94-04c1-424b-9868-57a2d4851a1d" />
  </TestEntries>
  <TestLists>
    <TestList name="Results Not in a List" id="8c84fa94-04c1-424b-9868-57a2d4851a1d" />
    <TestList name="All Loaded Results" id="19431567-8539-422a-85d7-44ee4e166bda" />
  </TestLists>
  <ResultSummary outcome="Completed">
    <Counters total="3" executed="3" passed="3" failed="0" error="0" timeout="0" aborted="0" inconclusive="0" passedButRunAborted="0" notRunnable="0" notExecuted="0" disconnected="0" warning="0" completed="0" inProgress="0" pending="0" />
  </ResultSummary>
</TestRun>