<?xml version="1.0" encoding="utf-8"?>
<TestRun id="15ace107-6794-41ef-9e72-9826e0b4ec5e" name="bhara@MSI 2022-06-18 14:26:07" runUser="MSI\bhara" xmlns="http://microsoft.com/schemas/VisualStudio/TeamTest/2010">
  <Times creation="2022-06-18T14:26:07.5329440+12:00" queuing="2022-06-18T14:26:07.5329440+12:00" start="2022-06-18T14:26:00.7993355+12:00" finish="2022-06-18T14:26:18.7864784+12:00" />
  <TestSettings name="default" id="229c9427-553f-4b46-a819-d6c4fbd20b1d">
    <Deployment runDeploymentRoot="bhara_MSI_2022-06-18_14_26_07" />
  </TestSettings>
  <Results>
    <UnitTestResult executionId="89ab6cc1-29be-484e-866a-96a13630bc97" testId="9b2e4072-f093-4087-b055-af660287a109" testName="ClearFormBeforeLoanIsCalculated" computerName="MSI" duration="00:00:05.4677325" startTime="2022-06-18T14:26:13.1857600+12:00" endTime="2022-06-18T14:26:18.6519379+12:00" testType="13cdc9d9-ddb5-4fa4-a97d-d965ccfc6d4b" outcome="Passed" testListId="8c84fa94-04c1-424b-9868-57a2d4851a1d" relativeResultsDirectory="89ab6cc1-29be-484e-866a-96a13630bc97">
      <Output>
        <StdOut>Given I am on the mortgage form&#xD;
-&gt; done: MortgageFormSteps.GivenIAmOnTheMortgageForm() (2.8s)&#xD;
When I enter the following user details in the form&#xD;
  --- table step argument ---&#xD;
  | Application type | Number of dependants | Type of property |&#xD;
  | Single           | 0                    | Home             |&#xD;
-&gt; done: MortgageFormSteps.WhenIEnterTheFollowingUserDetailsInTheForm(&lt;table&gt;) (0.2s)&#xD;
And I enter the following earning details in the form&#xD;
  --- table step argument ---&#xD;
  | Annual income | Other income |&#xD;
  | 80000         | 10000        |&#xD;
-&gt; done: MortgageFormSteps.WhenIEnterTheFollowingEarningDetailsInTheForm(&lt;table&gt;) (0.3s)&#xD;
And I enter the following expense details in the form&#xD;
  --- table step argument ---&#xD;
  | Monthly living expenses | Current repayments | Loan repayments | Monthly commitments | Credit card limits |&#xD;
  | 500                     | 0                  | 100             | 0                   | 10000              |&#xD;
-&gt; done: MortgageFormSteps.WhenIEnterTheFollowingExpenseDetailsInTheForm(&lt;table&gt;) (0.5s)&#xD;
And I click on the start over button&#xD;
-&gt; done: MortgageFormSteps.WhenIClickOnTheStartOverButton() (0.1s)&#xD;
Then the form is cleared&#xD;
-&gt; done: MortgageFormSteps.ThenTheFormIsCleared() (0.2s)&#xD;
&#xD;


TestContext Messages:
Given I am on the mortgage form&#xD;
-&gt; done: MortgageFormSteps.GivenIAmOnTheMortgageForm() (2.8s)&#xD;
When I enter the following user details in the form&#xD;
  --- table step argument ---&#xD;
  | Application type | Number of dependants | Type of property |&#xD;
  | Single           | 0                    | Home             |&#xD;
-&gt; done: MortgageFormSteps.WhenIEnterTheFollowingUserDetailsInTheForm(&lt;table&gt;) (0.2s)&#xD;
And I enter the following earning details in the form&#xD;
  --- table step argument ---&#xD;
  | Annual income | Other income |&#xD;
  | 80000         | 10000        |&#xD;
-&gt; done: MortgageFormSteps.WhenIEnterTheFollowingEarningDetailsInTheForm(&lt;table&gt;) (0.3s)&#xD;
And I enter the following expense details in the form&#xD;
  --- table step argument ---&#xD;
  | Monthly living expenses | Current repayments | Loan repayments | Monthly commitments | Credit card limits |&#xD;
  | 500                     | 0                  | 100             | 0                   | 10000              |&#xD;
-&gt; done: MortgageFormSteps.WhenIEnterTheFollowingExpenseDetailsInTheForm(&lt;table&gt;) (0.5s)&#xD;
And I click on the start over button&#xD;
-&gt; done: MortgageFormSteps.WhenIClickOnTheStartOverButton() (0.1s)&#xD;
Then the form is cleared&#xD;
-&gt; done: MortgageFormSteps.ThenTheFormIsCleared() (0.2s)</StdOut>
      </Output>
    </UnitTestResult>
    <UnitTestResult executionId="6c96eebf-2e8f-4a07-884f-2e58d8232969" testId="539ee854-0b7c-482a-bf29-4905ab694a12" testName="CalculateMortgage" computerName="MSI" duration="00:00:06.0020132" startTime="2022-06-18T14:26:01.2290459+12:00" endTime="2022-06-18T14:26:07.5150173+12:00" testType="13cdc9d9-ddb5-4fa4-a97d-d965ccfc6d4b" outcome="Passed" testListId="8c84fa94-04c1-424b-9868-57a2d4851a1d" relativeResultsDirectory="6c96eebf-2e8f-4a07-884f-2e58d8232969">
      <Output>
        <StdOut>-&gt; Loading plugin C:\Users\bhara\OneDrive\Documents\MortgageCal\Mortgage22\MortgageCalculator\bin\Debug\TechTalk.SpecFlow.MSTest.SpecFlowPlugin.dll&#xD;
-&gt; Loading plugin C:\Users\bhara\OneDrive\Documents\MortgageCal\Mortgage22\MortgageCalculator\bin\Debug\MortgageCalculator.dll&#xD;
-&gt; Using default config&#xD;
Given I am on the mortgage form&#xD;
-&gt; done: MortgageFormSteps.GivenIAmOnTheMortgageForm() (2.9s)&#xD;
When I enter the following user details in the form&#xD;
  --- table step argument ---&#xD;
  | Application type | Number of dependants | Type of property |&#xD;
  | Single           | 0                    | Home             |&#xD;
-&gt; done: MortgageFormSteps.WhenIEnterTheFollowingUserDetailsInTheForm(&lt;table&gt;) (0.5s)&#xD;
And I enter the following earning details in the form&#xD;
  --- table step argument ---&#xD;
  | Annual income | Other income |&#xD;
  | 80000         | 10000        |&#xD;
-&gt; done: MortgageFormSteps.WhenIEnterTheFollowingEarningDetailsInTheForm(&lt;table&gt;) (0.3s)&#xD;
And I enter the following expense details in the form&#xD;
  --- table step argument ---&#xD;
  | Monthly living expenses | Current repayments | Loan repayments | Monthly commitments | Credit card limits |&#xD;
  | 500                     | 0                  | 100             | 0                   | 10000              |&#xD;
-&gt; done: MortgageFormSteps.WhenIEnterTheFollowingExpenseDetailsInTheForm(&lt;table&gt;) (0.5s)&#xD;
And I click on the workout loan button&#xD;
-&gt; done: MortgageFormSteps.WhenIClickOnTheWorkoutButton() (0.1s)&#xD;
Then the borrowing estimate should be $501,000&#xD;
-&gt; done: MortgageFormSteps.ThenTheBorrowingEstimateShouldBe(501000) (0.0s)&#xD;
&#xD;


TestContext Messages:
Given I am on the mortgage form&#xD;
-&gt; done: MortgageFormSteps.GivenIAmOnTheMortgageForm() (2.9s)&#xD;
When I enter the following user details in the form&#xD;
  --- table step argument ---&#xD;
  | Application type | Number of dependants | Type of property |&#xD;
  | Single           | 0                    | Home             |&#xD;
-&gt; done: MortgageFormSteps.WhenIEnterTheFollowingUserDetailsInTheForm(&lt;table&gt;) (0.5s)&#xD;
And I enter the following earning details in the form&#xD;
  --- table step argument ---&#xD;
  | Annual income | Other income |&#xD;
  | 80000         | 10000        |&#xD;
-&gt; done: MortgageFormSteps.WhenIEnterTheFollowingEarningDetailsInTheForm(&lt;table&gt;) (0.3s)&#xD;
And I enter the following expense details in the form&#xD;
  --- table step argument ---&#xD;
  | Monthly living expenses | Current repayments | Loan repayments | Monthly commitments | Credit card limits |&#xD;
  | 500                     | 0                  | 100             | 0                   | 10000              |&#xD;
-&gt; done: MortgageFormSteps.WhenIEnterTheFollowingExpenseDetailsInTheForm(&lt;table&gt;) (0.5s)&#xD;
And I click on the workout loan button&#xD;
-&gt; done: MortgageFormSteps.WhenIClickOnTheWorkoutButton() (0.1s)&#xD;
Then the borrowing estimate should be $501,000&#xD;
-&gt; done: MortgageFormSteps.ThenTheBorrowingEstimateShouldBe(501000) (0.0s)</StdOut>
      </Output>
    </UnitTestResult>
    <UnitTestResult executionId="a55559a5-5c4a-4928-a525-7015c99735d7" testId="e72089d7-6d2f-473b-9407-4cb7a3ab60ad" testName="ClearFormAfterLoanIsCalculated" computerName="MSI" duration="00:00:05.6573446" startTime="2022-06-18T14:26:07.5269161+12:00" endTime="2022-06-18T14:26:13.1857600+12:00" testType="13cdc9d9-ddb5-4fa4-a97d-d965ccfc6d4b" outcome="Passed" testListId="8c84fa94-04c1-424b-9868-57a2d4851a1d" relativeResultsDirectory="a55559a5-5c4a-4928-a525-7015c99735d7">
      <Output>
        <StdOut>Given I am on the mortgage form&#xD;
-&gt; done: MortgageFormSteps.GivenIAmOnTheMortgageForm() (2.9s)&#xD;
When I enter the following user details in the form&#xD;
  --- table step argument ---&#xD;
  | Application type | Number of dependants | Type of property |&#xD;
  | Single           | 0                    | Home             |&#xD;
-&gt; done: MortgageFormSteps.WhenIEnterTheFollowingUserDetailsInTheForm(&lt;table&gt;) (0.2s)&#xD;
And I enter the following earning details in the form&#xD;
  --- table step argument ---&#xD;
  | Annual income | Other income |&#xD;
  | 80000         | 10000        |&#xD;
-&gt; done: MortgageFormSteps.WhenIEnterTheFollowingEarningDetailsInTheForm(&lt;table&gt;) (0.3s)&#xD;
And I enter the following expense details in the form&#xD;
  --- table step argument ---&#xD;
  | Monthly living expenses | Current repayments | Loan repayments | Monthly commitments | Credit card limits |&#xD;
  | 500                     | 0                  | 100             | 0                   | 10000              |&#xD;
-&gt; done: MortgageFormSteps.WhenIEnterTheFollowingExpenseDetailsInTheForm(&lt;table&gt;) (0.5s)&#xD;
And I click on the workout loan button&#xD;
-&gt; done: MortgageFormSteps.WhenIClickOnTheWorkoutButton() (0.1s)&#xD;
And I click on the start over button&#xD;
-&gt; done: MortgageFormSteps.WhenIClickOnTheStartOverButton() (0.1s)&#xD;
Then the form is cleared&#xD;
-&gt; done: MortgageFormSteps.ThenTheFormIsCleared() (0.3s)&#xD;
&#xD;


TestContext Messages:
Given I am on the mortgage form&#xD;
-&gt; done: MortgageFormSteps.GivenIAmOnTheMortgageForm() (2.9s)&#xD;
When I enter the following user details in the form&#xD;
  --- table step argument ---&#xD;
  | Application type | Number of dependants | Type of property |&#xD;
  | Single           | 0                    | Home             |&#xD;
-&gt; done: MortgageFormSteps.WhenIEnterTheFollowingUserDetailsInTheForm(&lt;table&gt;) (0.2s)&#xD;
And I enter the following earning details in the form&#xD;
  --- table step argument ---&#xD;
  | Annual income | Other income |&#xD;
  | 80000         | 10000        |&#xD;
-&gt; done: MortgageFormSteps.WhenIEnterTheFollowingEarningDetailsInTheForm(&lt;table&gt;) (0.3s)&#xD;
And I enter the following expense details in the form&#xD;
  --- table step argument ---&#xD;
  | Monthly living expenses | Current repayments | Loan repayments | Monthly commitments | Credit card limits |&#xD;
  | 500                     | 0                  | 100             | 0                   | 10000              |&#xD;
-&gt; done: MortgageFormSteps.WhenIEnterTheFollowingExpenseDetailsInTheForm(&lt;table&gt;) (0.5s)&#xD;
And I click on the workout loan button&#xD;
-&gt; done: MortgageFormSteps.WhenIClickOnTheWorkoutButton() (0.1s)&#xD;
And I click on the start over button&#xD;
-&gt; done: MortgageFormSteps.WhenIClickOnTheStartOverButton() (0.1s)&#xD;
Then the form is cleared&#xD;
-&gt; done: MortgageFormSteps.ThenTheFormIsCleared() (0.3s)</StdOut>
      </Output>
    </UnitTestResult>
  </Results>
  <TestDefinitions>
    <UnitTest name="CalculateMortgage" storage="c:\users\bhara\onedrive\documents\mortgagecal\mortgage22\mortgagecalculator\bin\debug\mortgagecalculator.dll" id="539ee854-0b7c-482a-bf29-4905ab694a12">
      <Execution id="6c96eebf-2e8f-4a07-884f-2e58d8232969" />
      <TestMethod codeBase="C:\Users\bhara\OneDrive\Documents\MortgageCal\Mortgage22\MortgageCalculator\bin\Debug\MortgageCalculator.dll" adapterTypeName="executor://mstestadapter/v2" className="MortgageCalculator.MortgageFormTestsFeature" name="CalculateMortgage" />
    </UnitTest>
    <UnitTest name="ClearFormAfterLoanIsCalculated" storage="c:\users\bhara\onedrive\documents\mortgagecal\mortgage22\mortgagecalculator\bin\debug\mortgagecalculator.dll" id="e72089d7-6d2f-473b-9407-4cb7a3ab60ad">
      <Execution id="a55559a5-5c4a-4928-a525-7015c99735d7" />
      <TestMethod codeBase="C:\Users\bhara\OneDrive\Documents\MortgageCal\Mortgage22\MortgageCalculator\bin\Debug\MortgageCalculator.dll" adapterTypeName="executor://mstestadapter/v2" className="MortgageCalculator.MortgageFormTestsFeature" name="ClearFormAfterLoanIsCalculated" />
    </UnitTest>
    <UnitTest name="ClearFormBeforeLoanIsCalculated" storage="c:\users\bhara\onedrive\documents\mortgagecal\mortgage22\mortgagecalculator\bin\debug\mortgagecalculator.dll" id="9b2e4072-f093-4087-b055-af660287a109">
      <Execution id="89ab6cc1-29be-484e-866a-96a13630bc97" />
      <TestMethod codeBase="C:\Users\bhara\OneDrive\Documents\MortgageCal\Mortgage22\MortgageCalculator\bin\Debug\MortgageCalculator.dll" adapterTypeName="executor://mstestadapter/v2" className="MortgageCalculator.MortgageFormTestsFeature" name="ClearFormBeforeLoanIsCalculated" />
    </UnitTest>
  </TestDefinitions>
  <TestEntries>
    <TestEntry testId="9b2e4072-f093-4087-b055-af660287a109" executionId="89ab6cc1-29be-484e-866a-96a13630bc97" testListId="8c84fa94-04c1-424b-9868-57a2d4851a1d" />
    <TestEntry testId="539ee854-0b7c-482a-bf29-4905ab694a12" executionId="6c96eebf-2e8f-4a07-884f-2e58d8232969" testListId="8c84fa94-04c1-424b-9868-57a2d4851a1d" />
    <TestEntry testId="e72089d7-6d2f-473b-9407-4cb7a3ab60ad" executionId="a55559a5-5c4a-4928-a525-7015c99735d7" testListId="8c84fa94-04c1-424b-9868-57a2d4851a1d" />
  </TestEntries>
  <TestLists>
    <TestList name="Results Not in a List" id="8c84fa94-04c1-424b-9868-57a2d4851a1d" />
    <TestList name="All Loaded Results" id="19431567-8539-422a-85d7-44ee4e166bda" />
  </TestLists>
  <ResultSummary outcome="Completed">
    <Counters total="3" executed="3" passed="3" failed="0" error="0" timeout="0" aborted="0" inconclusive="0" passedButRunAborted="0" notRunnable="0" notExecuted="0" disconnected="0" warning="0" completed="0" inProgress="0" pending="0" />
  </ResultSummary>
</TestRun>