<?xml version="1.0" encoding="utf-8"?>
<TestRun id="38019bd5-126e-4dd5-94ce-1adca0a83223" name="bhara@MSI 2022-06-18 14:18:39" runUser="MSI\bhara" xmlns="http://microsoft.com/schemas/VisualStudio/TeamTest/2010">
  <Times creation="2022-06-18T14:18:39.1052304+12:00" queuing="2022-06-18T14:18:39.1052304+12:00" start="2022-06-18T14:18:33.1043943+12:00" finish="2022-06-18T14:18:54.3875959+12:00" />
  <TestSettings name="default" id="17aeee97-7b45-4370-9e16-33147c9a90df">
    <Deployment runDeploymentRoot="bhara_MSI_2022-06-18_14_18_39" />
  </TestSettings>
  <Results>
    <UnitTestResult executionId="1e3271ab-237d-4e19-bf9c-02ea38888cd6" testId="a87b7935-5fd6-488e-9ae7-72a79d8331cd" testName="ClearFormBeforeLoanIsCalculated" computerName="MSI" duration="00:00:05.8605665" startTime="2022-06-18T14:18:48.3948786+12:00" endTime="2022-06-18T14:18:54.2549600+12:00" testType="13cdc9d9-ddb5-4fa4-a97d-d965ccfc6d4b" outcome="Passed" testListId="8c84fa94-04c1-424b-9868-57a2d4851a1d" relativeResultsDirectory="1e3271ab-237d-4e19-bf9c-02ea38888cd6">
      <Output>
        <StdOut>Given I am on the mortgage form&#xD;
-&gt; done: MortgageFormSteps.GivenIAmOnTheMortgageForm() (3.3s)&#xD;
When I enter the following user details in the form&#xD;
  --- table step argument ---&#xD;
  | Application type | Number of dependants | Type of property |&#xD;
  | Single           | 0                    | Home             |&#xD;
-&gt; done: MortgageFormSteps.WhenIEnterTheFollowingUserDetailsInTheForm(&lt;table&gt;) (0.3s)&#xD;
And I enter the following earning details in the form&#xD;
  --- table step argument ---&#xD;
  | Annual income | Other income |&#xD;
  | 80000         | 10000        |&#xD;
-&gt; done: MortgageFormSteps.WhenIEnterTheFollowingEarningDetailsInTheForm(&lt;table&gt;) (0.2s)&#xD;
And I enter the following expense details in the form&#xD;
  --- table step argument ---&#xD;
  | Monthly living expenses | Current repayments | Loan repayments | Monthly commitments | Credit card limits |&#xD;
  | 500                     | 0                  | 100             | 0                   | 10000              |&#xD;
-&gt; done: MortgageFormSteps.WhenIEnterTheFollowingExpenseDetailsInTheForm(&lt;table&gt;) (0.5s)&#xD;
And I click on the start over button&#xD;
-&gt; done: MortgageFormSteps.WhenIClickOnTheStartOverButton() (0.1s)&#xD;
Then the form is cleared&#xD;
-&gt; done: MortgageFormSteps.ThenTheFormIsCleared() (0.2s)&#xD;
&#xD;


TestContext Messages:
Given I am on the mortgage form&#xD;
-&gt; done: MortgageFormSteps.GivenIAmOnTheMortgageForm() (3.3s)&#xD;
When I enter the following user details in the form&#xD;
  --- table step argument ---&#xD;
  | Application type | Number of dependants | Type of property |&#xD;
  | Single           | 0                    | Home             |&#xD;
-&gt; done: MortgageFormSteps.WhenIEnterTheFollowingUserDetailsInTheForm(&lt;table&gt;) (0.3s)&#xD;
And I enter the following earning details in the form&#xD;
  --- table step argument ---&#xD;
  | Annual income | Other income |&#xD;
  | 80000         | 10000        |&#xD;
-&gt; done: MortgageFormSteps.WhenIEnterTheFollowingEarningDetailsInTheForm(&lt;table&gt;) (0.2s)&#xD;
And I enter the following expense details in the form&#xD;
  --- table step argument ---&#xD;
  | Monthly living expenses | Current repayments | Loan repayments | Monthly commitments | Credit card limits |&#xD;
  | 500                     | 0                  | 100             | 0                   | 10000              |&#xD;
-&gt; done: MortgageFormSteps.WhenIEnterTheFollowingExpenseDetailsInTheForm(&lt;table&gt;) (0.5s)&#xD;
And I click on the start over button&#xD;
-&gt; done: MortgageFormSteps.WhenIClickOnTheStartOverButton() (0.1s)&#xD;
Then the form is cleared&#xD;
-&gt; done: MortgageFormSteps.ThenTheFormIsCleared() (0.2s)</StdOut>
      </Output>
    </UnitTestResult>
    <UnitTestResult executionId="592f8893-e926-4dc5-bdbb-11119e59adc2" testId="304fde51-c905-4340-b790-e13e43c2d372" testName="CalculateMortgage" computerName="MSI" duration="00:00:05.3466790" startTime="2022-06-18T14:18:33.4692091+12:00" endTime="2022-06-18T14:18:39.0931097+12:00" testType="13cdc9d9-ddb5-4fa4-a97d-d965ccfc6d4b" outcome="Passed" testListId="8c84fa94-04c1-424b-9868-57a2d4851a1d" relativeResultsDirectory="592f8893-e926-4dc5-bdbb-11119e59adc2">
      <Output>
        <StdOut>-&gt; Loading plugin C:\Users\bhara\OneDrive\Documents\MortgageCal\Mortgage22\MortgageCalculator\bin\Debug\TechTalk.SpecFlow.MSTest.SpecFlowPlugin.dll&#xD;
-&gt; Loading plugin C:\Users\bhara\OneDrive\Documents\MortgageCal\Mortgage22\MortgageCalculator\bin\Debug\MortgageCalculator.dll&#xD;
-&gt; Using default config&#xD;
Given I am on the mortgage form&#xD;
-&gt; done: MortgageFormSteps.GivenIAmOnTheMortgageForm() (3.0s)&#xD;
When I enter the following user details in the form&#xD;
  --- table step argument ---&#xD;
  | Application type | Number of dependants | Type of property |&#xD;
  | Single           | 0                    | Home             |&#xD;
-&gt; done: MortgageFormSteps.WhenIEnterTheFollowingUserDetailsInTheForm(&lt;table&gt;) (0.4s)&#xD;
And I enter the following earning details in the form&#xD;
  --- table step argument ---&#xD;
  | Annual income | Other income |&#xD;
  | 80000         | 10000        |&#xD;
-&gt; done: MortgageFormSteps.WhenIEnterTheFollowingEarningDetailsInTheForm(&lt;table&gt;) (0.2s)&#xD;
And I enter the following expense details in the form&#xD;
  --- table step argument ---&#xD;
  | Monthly living expenses | Current repayments | Loan repayments | Monthly commitments | Credit card limits |&#xD;
  | 500                     | 0                  | 100             | 0                   | 10000              |&#xD;
-&gt; done: MortgageFormSteps.WhenIEnterTheFollowingExpenseDetailsInTheForm(&lt;table&gt;) (0.4s)&#xD;
And I click on the workout loan button&#xD;
-&gt; done: MortgageFormSteps.WhenIClickOnTheWorkoutButton() (0.1s)&#xD;
Then the borrowing estimate should be $501,000&#xD;
-&gt; done: MortgageFormSteps.ThenTheBorrowingEstimateShouldBe(501000) (0.0s)&#xD;
&#xD;


TestContext Messages:
Given I am on the mortgage form&#xD;
-&gt; done: MortgageFormSteps.GivenIAmOnTheMortgageForm() (3.0s)&#xD;
When I enter the following user details in the form&#xD;
  --- table step argument ---&#xD;
  | Application type | Number of dependants | Type of property |&#xD;
  | Single           | 0                    | Home             |&#xD;
-&gt; done: MortgageFormSteps.WhenIEnterTheFollowingUserDetailsInTheForm(&lt;table&gt;) (0.4s)&#xD;
And I enter the following earning details in the form&#xD;
  --- table step argument ---&#xD;
  | Annual income | Other income |&#xD;
  | 80000         | 10000        |&#xD;
-&gt; done: MortgageFormSteps.WhenIEnterTheFollowingEarningDetailsInTheForm(&lt;table&gt;) (0.2s)&#xD;
And I enter the following expense details in the form&#xD;
  --- table step argument ---&#xD;
  | Monthly living expenses | Current repayments | Loan repayments | Monthly commitments | Credit card limits |&#xD;
  | 500                     | 0                  | 100             | 0                   | 10000              |&#xD;
-&gt; done: MortgageFormSteps.WhenIEnterTheFollowingExpenseDetailsInTheForm(&lt;table&gt;) (0.4s)&#xD;
And I click on the workout loan button&#xD;
-&gt; done: MortgageFormSteps.WhenIClickOnTheWorkoutButton() (0.1s)&#xD;
Then the borrowing estimate should be $501,000&#xD;
-&gt; done: MortgageFormSteps.ThenTheBorrowingEstimateShouldBe(501000) (0.0s)</StdOut>
      </Output>
    </UnitTestResult>
    <UnitTestResult executionId="8f27ec57-7bee-4242-b15e-426dbec60f68" testId="fb096edd-4f22-43f4-910d-b5a0e993418f" testName="ClearFormAfterLoanIsCalculated" computerName="MSI" duration="00:00:09.2935228" startTime="2022-06-18T14:18:39.1047305+12:00" endTime="2022-06-18T14:18:48.3948786+12:00" testType="13cdc9d9-ddb5-4fa4-a97d-d965ccfc6d4b" outcome="Passed" testListId="8c84fa94-04c1-424b-9868-57a2d4851a1d" relativeResultsDirectory="8f27ec57-7bee-4242-b15e-426dbec60f68">
      <Output>
        <StdOut>Given I am on the mortgage form&#xD;
-&gt; done: MortgageFormSteps.GivenIAmOnTheMortgageForm() (3.0s)&#xD;
When I enter the following user details in the form&#xD;
  --- table step argument ---&#xD;
  | Application type | Number of dependants | Type of property |&#xD;
  | Single           | 0                    | Home             |&#xD;
-&gt; done: MortgageFormSteps.WhenIEnterTheFollowingUserDetailsInTheForm(&lt;table&gt;) (0.2s)&#xD;
And I enter the following earning details in the form&#xD;
  --- table step argument ---&#xD;
  | Annual income | Other income |&#xD;
  | 80000         | 10000        |&#xD;
-&gt; done: MortgageFormSteps.WhenIEnterTheFollowingEarningDetailsInTheForm(&lt;table&gt;) (0.1s)&#xD;
And I enter the following expense details in the form&#xD;
  --- table step argument ---&#xD;
  | Monthly living expenses | Current repayments | Loan repayments | Monthly commitments | Credit card limits |&#xD;
  | 500                     | 0                  | 100             | 0                   | 10000              |&#xD;
-&gt; done: MortgageFormSteps.WhenIEnterTheFollowingExpenseDetailsInTheForm(&lt;table&gt;) (0.3s)&#xD;
And I click on the workout loan button&#xD;
-&gt; done: MortgageFormSteps.WhenIClickOnTheWorkoutButton() (0.0s)&#xD;
And I click on the start over button&#xD;
-&gt; done: MortgageFormSteps.WhenIClickOnTheStartOverButton() (0.1s)&#xD;
Then the form is cleared&#xD;
-&gt; done: MortgageFormSteps.ThenTheFormIsCleared() (0.2s)&#xD;
&#xD;


TestContext Messages:
Given I am on the mortgage form&#xD;
-&gt; done: MortgageFormSteps.GivenIAmOnTheMortgageForm() (3.0s)&#xD;
When I enter the following user details in the form&#xD;
  --- table step argument ---&#xD;
  | Application type | Number of dependants | Type of property |&#xD;
  | Single           | 0                    | Home             |&#xD;
-&gt; done: MortgageFormSteps.WhenIEnterTheFollowingUserDetailsInTheForm(&lt;table&gt;) (0.2s)&#xD;
And I enter the following earning details in the form&#xD;
  --- table step argument ---&#xD;
  | Annual income | Other income |&#xD;
  | 80000         | 10000        |&#xD;
-&gt; done: MortgageFormSteps.WhenIEnterTheFollowingEarningDetailsInTheForm(&lt;table&gt;) (0.1s)&#xD;
And I enter the following expense details in the form&#xD;
  --- table step argument ---&#xD;
  | Monthly living expenses | Current repayments | Loan repayments | Monthly commitments | Credit card limits |&#xD;
  | 500                     | 0                  | 100             | 0                   | 10000              |&#xD;
-&gt; done: MortgageFormSteps.WhenIEnterTheFollowingExpenseDetailsInTheForm(&lt;table&gt;) (0.3s)&#xD;
And I click on the workout loan button&#xD;
-&gt; done: MortgageFormSteps.WhenIClickOnTheWorkoutButton() (0.0s)&#xD;
And I click on the start over button&#xD;
-&gt; done: MortgageFormSteps.WhenIClickOnTheStartOverButton() (0.1s)&#xD;
Then the form is cleared&#xD;
-&gt; done: MortgageFormSteps.ThenTheFormIsCleared() (0.2s)</StdOut>
      </Output>
    </UnitTestResult>
  </Results>
  <TestDefinitions>
    <UnitTest name="ClearFormBeforeLoanIsCalculated" storage="c:\users\bhara\onedrive\documents\mortgagecal\mortgage22\mortgagecalculator\bin\debug\mortgagecalculator.dll" id="a87b7935-5fd6-488e-9ae7-72a79d8331cd">
      <Execution id="1e3271ab-237d-4e19-bf9c-02ea38888cd6" />
      <TestMethod codeBase="C:\Users\bhara\OneDrive\Documents\MortgageCal\Mortgage22\MortgageCalculator\bin\Debug\MortgageCalculator.dll" adapterTypeName="executor://mstestadapter/v2" className="MortgageCalculator.MortgageFormTestsFeature" name="ClearFormBeforeLoanIsCalculated" />
    </UnitTest>
    <UnitTest name="ClearFormAfterLoanIsCalculated" storage="c:\users\bhara\onedrive\documents\mortgagecal\mortgage22\mortgagecalculator\bin\debug\mortgagecalculator.dll" id="fb096edd-4f22-43f4-910d-b5a0e993418f">
      <Execution id="8f27ec57-7bee-4242-b15e-426dbec60f68" />
      <TestMethod codeBase="C:\Users\bhara\OneDrive\Documents\MortgageCal\Mortgage22\MortgageCalculator\bin\Debug\MortgageCalculator.dll" adapterTypeName="executor://mstestadapter/v2" className="MortgageCalculator.MortgageFormTestsFeature" name="ClearFormAfterLoanIsCalculated" />
    </UnitTest>
    <UnitTest name="CalculateMortgage" storage="c:\users\bhara\onedrive\documents\mortgagecal\mortgage22\mortgagecalculator\bin\debug\mortgagecalculator.dll" id="304fde51-c905-4340-b790-e13e43c2d372">
      <Execution id="592f8893-e926-4dc5-bdbb-11119e59adc2" />
      <TestMethod codeBase="C:\Users\bhara\OneDrive\Documents\MortgageCal\Mortgage22\MortgageCalculator\bin\Debug\MortgageCalculator.dll" adapterTypeName="executor://mstestadapter/v2" className="MortgageCalculator.MortgageFormTestsFeature" name="CalculateMortgage" />
    </UnitTest>
  </TestDefinitions>
  <TestEntries>
    <TestEntry testId="a87b7935-5fd6-488e-9ae7-72a79d8331cd" executionId="1e3271ab-237d-4e19-bf9c-02ea38888cd6" testListId="8c84fa94-04c1-424b-9868-57a2d4851a1d" />
    <TestEntry testId="304fde51-c905-4340-b790-e13e43c2d372" executionId="592f8893-e926-4dc5-bdbb-11119e59adc2" testListId="8c84fa94-04c1-424b-9868-57a2d4851a1d" />
    <TestEntry testId="fb096edd-4f22-43f4-910d-b5a0e993418f" executionId="8f27ec57-7bee-4242-b15e-426dbec60f68" testListId="8c84fa94-04c1-424b-9868-57a2d4851a1d" />
  </TestEntries>
  <TestLists>
    <TestList name="Results Not in a List" id="8c84fa94-04c1-424b-9868-57a2d4851a1d" />
    <TestList name="All Loaded Results" id="19431567-8539-422a-85d7-44ee4e166bda" />
  </TestLists>
  <ResultSummary outcome="Completed">
    <Counters total="3" executed="3" passed="3" failed="0" error="0" timeout="0" aborted="0" inconclusive="0" passedButRunAborted="0" notRunnable="0" notExecuted="0" disconnected="0" warning="0" completed="0" inProgress="0" pending="0" />
  </ResultSummary>
</TestRun>