<?xml version="1.0" encoding="utf-8"?>
<TestRun id="4d8df7e4-d3fb-4db3-a0c6-87bf6182e174" name="bhara@MSI 2022-06-18 14:11:11" runUser="MSI\bhara" xmlns="http://microsoft.com/schemas/VisualStudio/TeamTest/2010">
  <Times creation="2022-06-18T14:11:11.4749853+12:00" queuing="2022-06-18T14:11:11.4749853+12:00" start="2022-06-18T14:11:00.3605314+12:00" finish="2022-06-18T14:11:30.9410533+12:00" />
  <TestSettings name="default" id="3cddd21b-0ef9-47c2-b864-16cce56a6d7c">
    <Deployment runDeploymentRoot="bhara_MSI_2022-06-18_14_11_11" />
  </TestSettings>
  <Results>
    <UnitTestResult executionId="dcdeb5da-1cc5-4d2c-b912-3ee74af5223e" testId="f68c04f3-0a47-490f-ba84-c223cf7544b4" testName="ClearFormAfterLoanIsCalculated" computerName="MSI" duration="00:00:09.1301724" startTime="2022-06-18T14:11:11.4581356+12:00" endTime="2022-06-18T14:11:20.5952718+12:00" testType="13cdc9d9-ddb5-4fa4-a97d-d965ccfc6d4b" outcome="Passed" testListId="8c84fa94-04c1-424b-9868-57a2d4851a1d" relativeResultsDirectory="dcdeb5da-1cc5-4d2c-b912-3ee74af5223e">
      <Output>
        <StdOut>Given I am on the mortgage form&#xD;
-&gt; done: MortgageFormSteps.GivenIAmOnTheMortgageForm() (2.9s)&#xD;
When I enter the following user details in the form&#xD;
  --- table step argument ---&#xD;
  | Application type | Number of dependants | Type of property |&#xD;
  | Single           | 0                    | Home             |&#xD;
-&gt; done: MortgageFormSteps.WhenIEnterTheFollowingUserDetailsInTheForm(&lt;table&gt;) (0.2s)&#xD;
And I enter the following earning details in the form&#xD;
  --- table step argument ---&#xD;
  | Annual income | Other income |&#xD;
  | 80000         | 10000        |&#xD;
-&gt; done: MortgageFormSteps.WhenIEnterTheFollowingEarningDetailsInTheForm(&lt;table&gt;) (0.1s)&#xD;
And I enter the following expense details in the form&#xD;
  --- table step argument ---&#xD;
  | Monthly living expenses | Current repayments | Loan repayments | Monthly commitments | Credit card limits |&#xD;
  | 500                     | 0                  | 100             | 0                   | 10000              |&#xD;
-&gt; done: MortgageFormSteps.WhenIEnterTheFollowingExpenseDetailsInTheForm(&lt;table&gt;) (0.3s)&#xD;
And I click on the workout loan button&#xD;
-&gt; done: MortgageFormSteps.WhenIClickOnTheWorkoutButton() (0.0s)&#xD;
And I click on the start over button&#xD;
-&gt; done: MortgageFormSteps.WhenIClickOnTheStartOverButton() (0.1s)&#xD;
Then the form is cleared&#xD;
-&gt; done: MortgageFormSteps.ThenTheFormIsCleared() (0.2s)&#xD;
&#xD;


TestContext Messages:
Given I am on the mortgage form&#xD;
-&gt; done: MortgageFormSteps.GivenIAmOnTheMortgageForm() (2.9s)&#xD;
When I enter the following user details in the form&#xD;
  --- table step argument ---&#xD;
  | Application type | Number of dependants | Type of property |&#xD;
  | Single           | 0                    | Home             |&#xD;
-&gt; done: MortgageFormSteps.WhenIEnterTheFollowingUserDetailsInTheForm(&lt;table&gt;) (0.2s)&#xD;
And I enter the following earning details in the form&#xD;
  --- table step argument ---&#xD;
  | Annual income | Other income |&#xD;
  | 80000         | 10000        |&#xD;
-&gt; done: MortgageFormSteps.WhenIEnterTheFollowingEarningDetailsInTheForm(&lt;table&gt;) (0.1s)&#xD;
And I enter the following expense details in the form&#xD;
  --- table step argument ---&#xD;
  | Monthly living expenses | Current repayments | Loan repayments | Monthly commitments | Credit card limits |&#xD;
  | 500                     | 0                  | 100             | 0                   | 10000              |&#xD;
-&gt; done: MortgageFormSteps.WhenIEnterTheFollowingExpenseDetailsInTheForm(&lt;table&gt;) (0.3s)&#xD;
And I click on the workout loan button&#xD;
-&gt; done: MortgageFormSteps.WhenIClickOnTheWorkoutButton() (0.0s)&#xD;
And I click on the start over button&#xD;
-&gt; done: MortgageFormSteps.WhenIClickOnTheStartOverButton() (0.1s)&#xD;
Then the form is cleared&#xD;
-&gt; done: MortgageFormSteps.ThenTheFormIsCleared() (0.2s)</StdOut>
      </Output>
    </UnitTestResult>
    <UnitTestResult executionId="a0d206a8-4154-41a8-8271-206c3c448ad5" testId="1049a466-dd34-462c-9361-5ef7863349c7" testName="ClearFormBeforeLoanIsCalculated" computerName="MSI" duration="00:00:10.2551831" startTime="2022-06-18T14:11:20.5952718+12:00" endTime="2022-06-18T14:11:30.8514289+12:00" testType="13cdc9d9-ddb5-4fa4-a97d-d965ccfc6d4b" outcome="Passed" testListId="8c84fa94-04c1-424b-9868-57a2d4851a1d" relativeResultsDirectory="a0d206a8-4154-41a8-8271-206c3c448ad5">
      <Output>
        <StdOut>Given I am on the mortgage form&#xD;
-&gt; done: MortgageFormSteps.GivenIAmOnTheMortgageForm() (4.1s)&#xD;
When I enter the following user details in the form&#xD;
  --- table step argument ---&#xD;
  | Application type | Number of dependants | Type of property |&#xD;
  | Single           | 0                    | Home             |&#xD;
-&gt; done: MortgageFormSteps.WhenIEnterTheFollowingUserDetailsInTheForm(&lt;table&gt;) (0.2s)&#xD;
And I enter the following earning details in the form&#xD;
  --- table step argument ---&#xD;
  | Annual income | Other income |&#xD;
  | 80000         | 10000        |&#xD;
-&gt; done: MortgageFormSteps.WhenIEnterTheFollowingEarningDetailsInTheForm(&lt;table&gt;) (0.1s)&#xD;
And I enter the following expense details in the form&#xD;
  --- table step argument ---&#xD;
  | Monthly living expenses | Current repayments | Loan repayments | Monthly commitments | Credit card limits |&#xD;
  | 500                     | 0                  | 100             | 0                   | 10000              |&#xD;
-&gt; done: MortgageFormSteps.WhenIEnterTheFollowingExpenseDetailsInTheForm(&lt;table&gt;) (0.3s)&#xD;
And I click on the start over button&#xD;
-&gt; done: MortgageFormSteps.WhenIClickOnTheStartOverButton() (0.1s)&#xD;
Then the form is cleared&#xD;
-&gt; done: MortgageFormSteps.ThenTheFormIsCleared() (0.2s)&#xD;
&#xD;


TestContext Messages:
Given I am on the mortgage form&#xD;
-&gt; done: MortgageFormSteps.GivenIAmOnTheMortgageForm() (4.1s)&#xD;
When I enter the following user details in the form&#xD;
  --- table step argument ---&#xD;
  | Application type | Number of dependants | Type of property |&#xD;
  | Single           | 0                    | Home             |&#xD;
-&gt; done: MortgageFormSteps.WhenIEnterTheFollowingUserDetailsInTheForm(&lt;table&gt;) (0.2s)&#xD;
And I enter the following earning details in the form&#xD;
  --- table step argument ---&#xD;
  | Annual income | Other income |&#xD;
  | 80000         | 10000        |&#xD;
-&gt; done: MortgageFormSteps.WhenIEnterTheFollowingEarningDetailsInTheForm(&lt;table&gt;) (0.1s)&#xD;
And I enter the following expense details in the form&#xD;
  --- table step argument ---&#xD;
  | Monthly living expenses | Current repayments | Loan repayments | Monthly commitments | Credit card limits |&#xD;
  | 500                     | 0                  | 100             | 0                   | 10000              |&#xD;
-&gt; done: MortgageFormSteps.WhenIEnterTheFollowingExpenseDetailsInTheForm(&lt;table&gt;) (0.3s)&#xD;
And I click on the start over button&#xD;
-&gt; done: MortgageFormSteps.WhenIClickOnTheStartOverButton() (0.1s)&#xD;
Then the form is cleared&#xD;
-&gt; done: MortgageFormSteps.ThenTheFormIsCleared() (0.2s)</StdOut>
      </Output>
    </UnitTestResult>
    <UnitTestResult executionId="03bdeda1-6977-4f7f-85ea-f0e16302c020" testId="30f6f7d3-e6a1-4de4-84cb-4fceb1268a2e" testName="CalculateMortgage" computerName="MSI" duration="00:00:10.4539339" startTime="2022-06-18T14:11:00.7533376+12:00" endTime="2022-06-18T14:11:11.4581356+12:00" testType="13cdc9d9-ddb5-4fa4-a97d-d965ccfc6d4b" outcome="Passed" testListId="8c84fa94-04c1-424b-9868-57a2d4851a1d" relativeResultsDirectory="03bdeda1-6977-4f7f-85ea-f0e16302c020">
      <Output>
        <StdOut>-&gt; Loading plugin C:\Users\bhara\OneDrive\Documents\MortgageCal\Mortgage22\MortgageCalculator\bin\Debug\TechTalk.SpecFlow.MSTest.SpecFlowPlugin.dll&#xD;
-&gt; Loading plugin C:\Users\bhara\OneDrive\Documents\MortgageCal\Mortgage22\MortgageCalculator\bin\Debug\MortgageCalculator.dll&#xD;
-&gt; Using default config&#xD;
Given I am on the mortgage form&#xD;
-&gt; done: MortgageFormSteps.GivenIAmOnTheMortgageForm() (3.6s)&#xD;
When I enter the following user details in the form&#xD;
  --- table step argument ---&#xD;
  | Application type | Number of dependants | Type of property |&#xD;
  | Single           | 0                    | Home             |&#xD;
-&gt; done: MortgageFormSteps.WhenIEnterTheFollowingUserDetailsInTheForm(&lt;table&gt;) (0.5s)&#xD;
And I enter the following earning details in the form&#xD;
  --- table step argument ---&#xD;
  | Annual income | Other income |&#xD;
  | 80000         | 10000        |&#xD;
-&gt; done: MortgageFormSteps.WhenIEnterTheFollowingEarningDetailsInTheForm(&lt;table&gt;) (0.2s)&#xD;
And I enter the following expense details in the form&#xD;
  --- table step argument ---&#xD;
  | Monthly living expenses | Current repayments | Loan repayments | Monthly commitments | Credit card limits |&#xD;
  | 500                     | 0                  | 100             | 0                   | 10000              |&#xD;
-&gt; done: MortgageFormSteps.WhenIEnterTheFollowingExpenseDetailsInTheForm(&lt;table&gt;) (0.3s)&#xD;
And I click on the workout loan button&#xD;
-&gt; done: MortgageFormSteps.WhenIClickOnTheWorkoutButton() (0.0s)&#xD;
Then the borrowing estimate should be $501,000&#xD;
-&gt; done: MortgageFormSteps.ThenTheBorrowingEstimateShouldBe(501000) (0.0s)&#xD;
&#xD;


TestContext Messages:
Given I am on the mortgage form&#xD;
-&gt; done: MortgageFormSteps.GivenIAmOnTheMortgageForm() (3.6s)&#xD;
When I enter the following user details in the form&#xD;
  --- table step argument ---&#xD;
  | Application type | Number of dependants | Type of property |&#xD;
  | Single           | 0                    | Home             |&#xD;
-&gt; done: MortgageFormSteps.WhenIEnterTheFollowingUserDetailsInTheForm(&lt;table&gt;) (0.5s)&#xD;
And I enter the following earning details in the form&#xD;
  --- table step argument ---&#xD;
  | Annual income | Other income |&#xD;
  | 80000         | 10000        |&#xD;
-&gt; done: MortgageFormSteps.WhenIEnterTheFollowingEarningDetailsInTheForm(&lt;table&gt;) (0.2s)&#xD;
And I enter the following expense details in the form&#xD;
  --- table step argument ---&#xD;
  | Monthly living expenses | Current repayments | Loan repayments | Monthly commitments | Credit card limits |&#xD;
  | 500                     | 0                  | 100             | 0                   | 10000              |&#xD;
-&gt; done: MortgageFormSteps.WhenIEnterTheFollowingExpenseDetailsInTheForm(&lt;table&gt;) (0.3s)&#xD;
And I click on the workout loan button&#xD;
-&gt; done: MortgageFormSteps.WhenIClickOnTheWorkoutButton() (0.0s)&#xD;
Then the borrowing estimate should be $501,000&#xD;
-&gt; done: MortgageFormSteps.ThenTheBorrowingEstimateShouldBe(501000) (0.0s)</StdOut>
      </Output>
    </UnitTestResult>
  </Results>
  <TestDefinitions>
    <UnitTest name="ClearFormAfterLoanIsCalculated" storage="c:\users\bhara\onedrive\documents\mortgagecal\mortgage22\mortgagecalculator\bin\debug\mortgagecalculator.dll" id="f68c04f3-0a47-490f-ba84-c223cf7544b4">
      <Execution id="dcdeb5da-1cc5-4d2c-b912-3ee74af5223e" />
      <TestMethod codeBase="C:\Users\bhara\OneDrive\Documents\MortgageCal\Mortgage22\MortgageCalculator\bin\Debug\MortgageCalculator.dll" adapterTypeName="executor://mstestadapter/v2" className="MortgageCalculator.MortgageFormTestsFeature" name="ClearFormAfterLoanIsCalculated" />
    </UnitTest>
    <UnitTest name="CalculateMortgage" storage="c:\users\bhara\onedrive\documents\mortgagecal\mortgage22\mortgagecalculator\bin\debug\mortgagecalculator.dll" id="30f6f7d3-e6a1-4de4-84cb-4fceb1268a2e">
      <Execution id="03bdeda1-6977-4f7f-85ea-f0e16302c020" />
      <TestMethod codeBase="C:\Users\bhara\OneDrive\Documents\MortgageCal\Mortgage22\MortgageCalculator\bin\Debug\MortgageCalculator.dll" adapterTypeName="executor://mstestadapter/v2" className="MortgageCalculator.MortgageFormTestsFeature" name="CalculateMortgage" />
    </UnitTest>
    <UnitTest name="ClearFormBeforeLoanIsCalculated" storage="c:\users\bhara\onedrive\documents\mortgagecal\mortgage22\mortgagecalculator\bin\debug\mortgagecalculator.dll" id="1049a466-dd34-462c-9361-5ef7863349c7">
      <Execution id="a0d206a8-4154-41a8-8271-206c3c448ad5" />
      <TestMethod codeBase="C:\Users\bhara\OneDrive\Documents\MortgageCal\Mortgage22\MortgageCalculator\bin\Debug\MortgageCalculator.dll" adapterTypeName="executor://mstestadapter/v2" className="MortgageCalculator.MortgageFormTestsFeature" name="ClearFormBeforeLoanIsCalculated" />
    </UnitTest>
  </TestDefinitions>
  <TestEntries>
    <TestEntry testId="f68c04f3-0a47-490f-ba84-c223cf7544b4" executionId="dcdeb5da-1cc5-4d2c-b912-3ee74af5223e" testListId="8c84fa94-04c1-424b-9868-57a2d4851a1d" />
    <TestEntry testId="1049a466-dd34-462c-9361-5ef7863349c7" executionId="a0d206a8-4154-41a8-8271-206c3c448ad5" testListId="8c84fa94-04c1-424b-9868-57a2d4851a1d" />
    <TestEntry testId="30f6f7d3-e6a1-4de4-84cb-4fceb1268a2e" executionId="03bdeda1-6977-4f7f-85ea-f0e16302c020" testListId="8c84fa94-04c1-424b-9868-57a2d4851a1d" />
  </TestEntries>
  <TestLists>
    <TestList name="Results Not in a List" id="8c84fa94-04c1-424b-9868-57a2d4851a1d" />
    <TestList name="All Loaded Results" id="19431567-8539-422a-85d7-44ee4e166bda" />
  </TestLists>
  <ResultSummary outcome="Completed">
    <Counters total="3" executed="3" passed="3" failed="0" error="0" timeout="0" aborted="0" inconclusive="0" passedButRunAborted="0" notRunnable="0" notExecuted="0" disconnected="0" warning="0" completed="0" inProgress="0" pending="0" />
  </ResultSummary>
</TestRun>